[INFO] Scanning for projects...
[INFO]                                                                         
[INFO] ------------------------------------------------------------------------
[INFO] Building itracer 0.0.1-SNAPSHOT
[INFO] ------------------------------------------------------------------------
[INFO] 
[INFO] --- maven-resources-plugin:2.5:resources (default-resources) @ itracer ---
[debug] execute contextualize
[INFO] Using 'UTF-8' encoding to copy filtered resources.
[INFO] Copying 1 resource
[INFO] 
[INFO] --- maven-compiler-plugin:3.0:compile (default-compile) @ itracer ---
[INFO] Nothing to compile - all classes are up to date
[INFO] 
[INFO] --- maven-resources-plugin:2.5:testResources (default-testResources) @ itracer ---
[debug] execute contextualize
[INFO] Using 'UTF-8' encoding to copy filtered resources.
[INFO] Copying 1 resource
[INFO] 
[INFO] --- maven-compiler-plugin:3.0:testCompile (default-testCompile) @ itracer ---
[INFO] Nothing to compile - all classes are up to date
[INFO] 
[INFO] --- maven-surefire-plugin:2.10:test (default-test) @ itracer ---
[INFO] Surefire report directory: /home/eric/git/itracer/itracer/target/surefire-reports

-------------------------------------------------------
 T E S T S
-------------------------------------------------------
Running com.eric.itracer.AppTest
Feb 15, 2013 4:34:21 PM org.hibernate.annotations.common.Version <clinit>
INFO: HCANN000001: Hibernate Commons Annotations {4.0.1.Final}
Feb 15, 2013 4:34:22 PM org.hibernate.Version logVersion
INFO: HHH000412: Hibernate Core {4.1.9.Final}
Feb 15, 2013 4:34:22 PM org.hibernate.cfg.Environment <clinit>
INFO: HHH000206: hibernate.properties not found
Feb 15, 2013 4:34:22 PM org.hibernate.cfg.Environment buildBytecodeProvider
INFO: HHH000021: Bytecode provider name : javassist
Feb 15, 2013 4:34:22 PM org.hibernate.cfg.Configuration configure
INFO: HHH000043: Configuring from resource: /hibernate.cfg.xml
Feb 15, 2013 4:34:22 PM org.hibernate.cfg.Configuration getConfigurationInputStream
INFO: HHH000040: Configuration resource: /hibernate.cfg.xml
Feb 15, 2013 4:34:22 PM org.hibernate.cfg.Configuration doConfigure
INFO: HHH000041: Configured SessionFactory: null
Feb 15, 2013 4:34:22 PM org.hibernate.tuple.PojoInstantiator <init>
INFO: HHH000182: No default (no-argument) constructor for class: com.eric.itracer.entity.embeded.HttpHeader (class must be instantiated by Interceptor)
Feb 15, 2013 4:34:22 PM org.hibernate.service.jdbc.connections.internal.DriverManagerConnectionProviderImpl configure
INFO: HHH000402: Using Hibernate built-in connection pool (not for production use!)
Feb 15, 2013 4:34:22 PM org.hibernate.service.jdbc.connections.internal.DriverManagerConnectionProviderImpl configure
INFO: HHH000115: Hibernate connection pool size: 1
Feb 15, 2013 4:34:22 PM org.hibernate.service.jdbc.connections.internal.DriverManagerConnectionProviderImpl configure
INFO: HHH000006: Autocommit mode: false
Feb 15, 2013 4:34:22 PM org.hibernate.service.jdbc.connections.internal.DriverManagerConnectionProviderImpl configure
INFO: HHH000401: using driver [com.mysql.jdbc.Driver] at URL [jdbc:mysql://localhost:3306/test]
Feb 15, 2013 4:34:22 PM org.hibernate.service.jdbc.connections.internal.DriverManagerConnectionProviderImpl configure
INFO: HHH000046: Connection properties: {user=root, password=****}
Feb 15, 2013 4:34:23 PM org.hibernate.dialect.Dialect <init>
INFO: HHH000400: Using dialect: org.hibernate.dialect.MySQL5Dialect
Feb 15, 2013 4:34:23 PM org.hibernate.engine.transaction.internal.TransactionFactoryInitiator initiateService
INFO: HHH000399: Using default transaction strategy (direct JDBC transactions)
Feb 15, 2013 4:34:23 PM org.hibernate.hql.internal.ast.ASTQueryTranslatorFactory <init>
INFO: HHH000397: Using ASTQueryTranslatorFactory
Feb 15, 2013 4:34:23 PM org.hibernate.tuple.PojoInstantiator <init>
INFO: HHH000182: No default (no-argument) constructor for class: com.eric.itracer.entity.embeded.HttpHeader (class must be instantiated by Interceptor)
Feb 15, 2013 4:34:23 PM org.hibernate.tuple.PojoInstantiator <init>
INFO: HHH000182: No default (no-argument) constructor for class: com.eric.itracer.entity.embeded.HttpHeader (class must be instantiated by Interceptor)
Feb 15, 2013 4:34:23 PM org.hibernate.tuple.PojoInstantiator <init>
INFO: HHH000182: No default (no-argument) constructor for class: com.eric.itracer.entity.embeded.HttpHeader (class must be instantiated by Interceptor)
Feb 15, 2013 4:34:23 PM org.hibernate.tuple.PojoInstantiator <init>
INFO: HHH000182: No default (no-argument) constructor for class: com.eric.itracer.entity.embeded.HttpHeader (class must be instantiated by Interceptor)
Feb 15, 2013 4:34:23 PM org.hibernate.tuple.PojoInstantiator <init>
INFO: HHH000182: No default (no-argument) constructor for class: com.eric.itracer.entity.embeded.HttpHeader (class must be instantiated by Interceptor)
Feb 15, 2013 4:34:23 PM org.hibernate.tuple.PojoInstantiator <init>
INFO: HHH000182: No default (no-argument) constructor for class: com.eric.itracer.entity.embeded.HttpHeader (class must be instantiated by Interceptor)
Feb 15, 2013 4:34:23 PM org.hibernate.tuple.PojoInstantiator <init>
INFO: HHH000182: No default (no-argument) constructor for class: com.eric.itracer.entity.embeded.HttpHeader (class must be instantiated by Interceptor)
Feb 15, 2013 4:34:23 PM org.hibernate.tuple.PojoInstantiator <init>
INFO: HHH000182: No default (no-argument) constructor for class: com.eric.itracer.entity.embeded.HttpHeader (class must be instantiated by Interceptor)
Feb 15, 2013 4:34:23 PM org.hibernate.tuple.PojoInstantiator <init>
INFO: HHH000182: No default (no-argument) constructor for class: com.eric.itracer.entity.embeded.HttpHeader (class must be instantiated by Interceptor)
Feb 15, 2013 4:34:23 PM org.hibernate.tuple.PojoInstantiator <init>
INFO: HHH000182: No default (no-argument) constructor for class: com.eric.itracer.entity.embeded.HttpHeader (class must be instantiated by Interceptor)
Feb 15, 2013 4:34:23 PM org.hibernate.tuple.PojoInstantiator <init>
INFO: HHH000182: No default (no-argument) constructor for class: com.eric.itracer.entity.embeded.HttpHeader (class must be instantiated by Interceptor)
Feb 15, 2013 4:34:23 PM org.hibernate.tuple.PojoInstantiator <init>
INFO: HHH000182: No default (no-argument) constructor for class: com.eric.itracer.entity.embeded.HttpHeader (class must be instantiated by Interceptor)
Feb 15, 2013 4:34:23 PM org.hibernate.tool.hbm2ddl.SchemaExport execute
INFO: HHH000227: Running hbm2ddl schema export
Hibernate: drop table if exists button_click
Hibernate: drop table if exists hyperlink_click
Hibernate: drop table if exists input_click
Hibernate: drop table if exists url_visit
Hibernate: create table button_click (id bigint not null auto_increment, button_class varchar(255), button_id varchar(255), button_name varchar(255), button_type varchar(255), channel_client varchar(255), channel_name varchar(255), customer_id varchar(20) not null, customer_ip varchar(255), customer_is_vip boolean, click_location_url varchar(255), click_time datetime, primary key (id))
Hibernate: create table hyperlink_click (id bigint not null auto_increment, channel_client varchar(255), channel_name varchar(255), customer_id varchar(20) not null, customer_ip varchar(255), customer_is_vip boolean, click_location_url varchar(255), click_time datetime, link_href varchar(255), link_class varchar(255), link_id varchar(255), link_name varchar(255), primary key (id))
Hibernate: create table input_click (id bigint not null auto_increment, channel_client varchar(255), channel_name varchar(255), customer_id varchar(20) not null, customer_ip varchar(255), customer_is_vip boolean, click_location_url varchar(255), click_time datetime, form_action varchar(255), form_name varchar(255), input_hint varchar(255), input_id varchar(255), input_name varchar(255), primary key (id))
Hibernate: create table url_visit (viste_type varchar(31) not null, id bigint not null auto_increment, channel_client varchar(255), channel_name varchar(255), customer_id varchar(20) not null, customer_ip varchar(255), customer_is_vip boolean, header_content_type varchar(255), header_cookie varchar(255), header_date varchar(255), header_expect varchar(255), header_from varchar(255), header_referer varchar(255), response_code integer, header_user_agent varchar(255) not null, header_x_request_with varchar(255), request_url varchar(255), request_time datetime, primary key (id))
Feb 15, 2013 4:34:24 PM org.hibernate.tool.hbm2ddl.SchemaExport execute
INFO: HHH000230: Schema export complete
Tests run: 1, Failures: 0, Errors: 0, Skipped: 0, Time elapsed: 3.023 sec

Results :

Tests run: 1, Failures: 0, Errors: 0, Skipped: 0

[INFO] ------------------------------------------------------------------------
[INFO] BUILD SUCCESS
[INFO] ------------------------------------------------------------------------
[INFO] Total time: 6.953s
[INFO] Finished at: Fri Feb 15 16:34:24 CST 2013
[INFO] Final Memory: 9M/309M
[INFO] ------------------------------------------------------------------------
